<?xml version="1.0" encoding="UTF-8"?>
<testng-results ignored="0" total="1" passed="1" failed="0" skipped="0">
  <reporter-output>
  </reporter-output>
  <suite started-at="2018-04-08T07:25:57Z" name="Default suite" finished-at="2018-04-08T07:26:10Z" duration-ms="12889">
    <groups>
    </groups>
    <test started-at="2018-04-08T07:25:57Z" name="Default test" finished-at="2018-04-08T07:26:10Z" duration-ms="12889">
      <class name="scripts.TestValidLogin">
        <test-method is-config="true" signature="openApplication()[pri:0, instance:scripts.TestValidLogin@72e5a8e]" started-at="2018-04-08T12:55:57Z" name="openApplication" finished-at="2018-04-08T12:56:09Z" duration-ms="11520" status="PASS">
          <reporter-output>
          </reporter-output>
        </test-method> <!-- openApplication -->
        <test-method signature="testValidLogin()[pri:0, instance:scripts.TestValidLogin@72e5a8e]" started-at="2018-04-08T12:56:09Z" name="testValidLogin" finished-at="2018-04-08T12:56:10Z" duration-ms="1305" status="PASS">
          <reporter-output>
          </reporter-output>
        </test-method> <!-- testValidLogin -->
        <test-method is-config="true" signature="closeApplication(org.testng.ITestResult)[pri:0, instance:scripts.TestValidLogin@72e5a8e]" started-at="2018-04-08T12:56:10Z" name="closeApplication" finished-at="2018-04-08T12:56:10Z" duration-ms="48" status="PASS">
          <params>
            <param index="0">
              <value>
                <![CDATA[[TestResult name=testValidLogin status=SUCCESS method=TestValidLogin.testValidLogin()[pri:0, instance:scripts.TestValidLogin@72e5a8e] output={null}]]]>
              </value>
            </param>
          </params>
          <reporter-output>
          </reporter-output>
        </test-method> <!-- closeApplication -->
      </class> <!-- scripts.TestValidLogin -->
    </test> <!-- Default test -->
  </suite> <!-- Default suite -->
</testng-results>
