<?xml version="1.0" encoding="UTF-8"?>
<testng-results ignored="0" total="3" passed="3" failed="0" skipped="0">
  <reporter-output>
  </reporter-output>
  <suite started-at="2018-04-08T06:09:46Z" name="Suite" finished-at="2018-04-08T06:11:28Z" duration-ms="102239">
    <groups>
    </groups>
    <test started-at="2018-04-08T06:09:46Z" name="Test" finished-at="2018-04-08T06:11:28Z" duration-ms="102239">
      <class name="scripts.TestValidLogin">
        <test-method is-config="true" signature="openApplication()[pri:0, instance:scripts.TestValidLogin@68e965f5]" started-at="2018-04-08T11:39:46Z" name="openApplication" finished-at="2018-04-08T11:39:55Z" duration-ms="9167" status="PASS">
          <reporter-output>
          </reporter-output>
        </test-method> <!-- openApplication -->
        <test-method signature="testValidLogin()[pri:0, instance:scripts.TestValidLogin@68e965f5]" started-at="2018-04-08T11:39:55Z" name="testValidLogin" finished-at="2018-04-08T11:39:56Z" duration-ms="862" status="PASS">
          <reporter-output>
          </reporter-output>
        </test-method> <!-- testValidLogin -->
        <test-method is-config="true" signature="closeApplication(org.testng.ITestResult)[pri:0, instance:scripts.TestValidLogin@68e965f5]" started-at="2018-04-08T11:39:56Z" name="closeApplication" finished-at="2018-04-08T11:39:56Z" duration-ms="54" status="PASS">
          <params>
            <param index="0">
              <value>
                <![CDATA[[TestResult name=testValidLogin status=SUCCESS method=TestValidLogin.testValidLogin()[pri:0, instance:scripts.TestValidLogin@68e965f5] output={null}]]]>
              </value>
            </param>
          </params>
          <reporter-output>
          </reporter-output>
        </test-method> <!-- closeApplication -->
      </class> <!-- scripts.TestValidLogin -->
      <class name="scripts.VerifyProductVersion">
        <test-method is-config="true" signature="openApplication()[pri:0, instance:scripts.VerifyProductVersion@6c779568]" started-at="2018-04-08T11:41:02Z" name="openApplication" finished-at="2018-04-08T11:41:11Z" duration-ms="9032" status="PASS">
          <reporter-output>
          </reporter-output>
        </test-method> <!-- openApplication -->
        <test-method signature="actiTimeProductVersion()[pri:0, instance:scripts.VerifyProductVersion@6c779568]" started-at="2018-04-08T11:41:11Z" name="actiTimeProductVersion" finished-at="2018-04-08T11:41:28Z" duration-ms="17214" status="PASS">
          <reporter-output>
          </reporter-output>
        </test-method> <!-- actiTimeProductVersion -->
        <test-method is-config="true" signature="closeApplication(org.testng.ITestResult)[pri:0, instance:scripts.VerifyProductVersion@6c779568]" started-at="2018-04-08T11:41:28Z" name="closeApplication" finished-at="2018-04-08T11:41:28Z" duration-ms="55" status="PASS">
          <params>
            <param index="0">
              <value>
                <![CDATA[[TestResult name=actiTimeProductVersion status=SUCCESS method=VerifyProductVersion.actiTimeProductVersion()[pri:0, instance:scripts.VerifyProductVersion@6c779568] output={null}]]]>
              </value>
            </param>
          </params>
          <reporter-output>
          </reporter-output>
        </test-method> <!-- closeApplication -->
      </class> <!-- scripts.VerifyProductVersion -->
      <class name="scripts.TestInvalidLogin">
        <test-method is-config="true" signature="openApplication()[pri:0, instance:scripts.TestInvalidLogin@6f27a732]" started-at="2018-04-08T11:39:56Z" name="openApplication" finished-at="2018-04-08T11:40:04Z" duration-ms="8095" status="PASS">
          <reporter-output>
          </reporter-output>
        </test-method> <!-- openApplication -->
        <test-method signature="testInvalidLogin()[pri:0, instance:scripts.TestInvalidLogin@6f27a732]" started-at="2018-04-08T11:40:04Z" name="testInvalidLogin" finished-at="2018-04-08T11:41:02Z" duration-ms="57684" status="PASS">
          <reporter-output>
          </reporter-output>
        </test-method> <!-- testInvalidLogin -->
        <test-method is-config="true" signature="closeApplication(org.testng.ITestResult)[pri:0, instance:scripts.TestInvalidLogin@6f27a732]" started-at="2018-04-08T11:41:02Z" name="closeApplication" finished-at="2018-04-08T11:41:02Z" duration-ms="54" status="PASS">
          <params>
            <param index="0">
              <value>
                <![CDATA[[TestResult name=testInvalidLogin status=SUCCESS method=TestInvalidLogin.testInvalidLogin()[pri:0, instance:scripts.TestInvalidLogin@6f27a732] output={null}]]]>
              </value>
            </param>
          </params>
          <reporter-output>
          </reporter-output>
        </test-method> <!-- closeApplication -->
      </class> <!-- scripts.TestInvalidLogin -->
    </test> <!-- Test -->
  </suite> <!-- Suite -->
</testng-results>
