<?xml version="1.0" encoding="UTF-8"?>
<!-- Generated by org.testng.reporters.JUnitXMLReporter -->
<testsuite ignored="0" hostname="EN-AliM" failures="0" tests="3" name="Test" time="102.239" errors="0" timestamp="08 Apr 2018 06:11:29 GMT">
  <testcase classname="scripts.TestValidLogin" name="testValidLogin" time="0.862"/>
  <testcase classname="scripts.TestInvalidLogin" name="testInvalidLogin" time="57.684"/>
  <testcase classname="scripts.VerifyProductVersion" name="actiTimeProductVersion" time="17.214"/>
</testsuite> <!-- Test -->
